[0.022s] Invoking command in '/home/ign/Desktop/ros2_ws/build/cpp_srvcli': CMAKE_PREFIX_PATH=/opt/ros/dashing SHLVL=2 _=/usr/bin/env /usr/bin/cmake /home/ign/Desktop/ros2_ws/src/cpp_srvcli -DCMAKE_INSTALL_PREFIX=/home/ign/Desktop/ros2_ws/install/cpp_srvcli
[0.040s] -- Found ament_lint_auto: 0.7.12 (/opt/ros/dashing/share/ament_lint_auto/cmake)
[0.074s] -- Using PYTHON_EXECUTABLE: /usr/bin/python3
[0.351s] -- Found ament_cmake: 0.7.5 (/opt/ros/dashing/share/ament_cmake/cmake)
[0.358s] -- Found rclcpp: 0.7.14 (/opt/ros/dashing/share/rclcpp/cmake)
[0.376s] -- Found rosidl_adapter: 0.7.9 (/opt/ros/dashing/share/rosidl_adapter/cmake)
[0.422s] -- Found rmw_implementation_cmake: 0.7.2 (/opt/ros/dashing/share/rmw_implementation_cmake/cmake)
[0.424s] -- Using RMW implementation 'rmw_fastrtps_cpp' as default
[0.459s] -- Found example_interfaces: 0.7.1 (/opt/ros/dashing/share/example_interfaces/cmake)
[0.623s] -- Added test 'copyright' to check for copyright in CMake / C / C++ / Python code
[0.625s] -- Added test 'cppcheck' to perform static code analysis on C / C++ code
[0.625s] -- Configured cppcheck include dirs: 
[0.626s] -- Added test 'cpplint' to check C / C++ code against the Google style
[0.627s] -- Added test 'lint_cmake' to check CMake code style
[0.629s] -- Added test 'uncrustify' to check C / C++ code style
[0.630s] -- Added test 'xmllint' to check XML markup files
[0.633s] -- Configuring done
[0.756s] -- Generating done
[0.758s] -- Build files have been written to: /home/ign/Desktop/ros2_ws/build/cpp_srvcli
[0.762s] Invoked command in '/home/ign/Desktop/ros2_ws/build/cpp_srvcli' returned '0': CMAKE_PREFIX_PATH=/opt/ros/dashing SHLVL=2 _=/usr/bin/env /usr/bin/cmake /home/ign/Desktop/ros2_ws/src/cpp_srvcli -DCMAKE_INSTALL_PREFIX=/home/ign/Desktop/ros2_ws/install/cpp_srvcli
[0.766s] Invoking command in '/home/ign/Desktop/ros2_ws/build/cpp_srvcli': CMAKE_PREFIX_PATH=/opt/ros/dashing SHLVL=2 _=/usr/bin/env /usr/bin/cmake --build /home/ign/Desktop/ros2_ws/build/cpp_srvcli -- -j4 -l4
[0.824s] [35m[1mScanning dependencies of target client[0m
[0.824s] [35m[1mScanning dependencies of target server[0m
[0.885s] [ 25%] [32mBuilding CXX object CMakeFiles/client.dir/src/add_two_ints_client.cpp.o[0m
[0.885s] [ 50%] [32mBuilding CXX object CMakeFiles/server.dir/src/add_two_ints_server.cpp.o[0m
[2.774s] [ 75%] [32m[1mLinking CXX executable server[0m
[2.959s] [ 75%] Built target server
[3.246s] [100%] [32m[1mLinking CXX executable client[0m
[3.440s] [100%] Built target client
[3.458s] Invoked command in '/home/ign/Desktop/ros2_ws/build/cpp_srvcli' returned '0': CMAKE_PREFIX_PATH=/opt/ros/dashing SHLVL=2 _=/usr/bin/env /usr/bin/cmake --build /home/ign/Desktop/ros2_ws/build/cpp_srvcli -- -j4 -l4
[3.517s] Invoking command in '/home/ign/Desktop/ros2_ws/build/cpp_srvcli': CMAKE_PREFIX_PATH=/opt/ros/dashing SHLVL=2 _=/usr/bin/env /usr/bin/cmake --build /home/ign/Desktop/ros2_ws/build/cpp_srvcli --target install -- -j4 -l4
[3.602s] [100%] Built target client
[3.602s] [100%] Built target server
[3.629s] [36mInstall the project...[0m
[3.642s] -- Install configuration: ""
[3.642s] -- Installing: /home/ign/Desktop/ros2_ws/install/cpp_srvcli/lib/cpp_srvcli/server
[3.642s] -- Set runtime path of "/home/ign/Desktop/ros2_ws/install/cpp_srvcli/lib/cpp_srvcli/server" to ""
[3.643s] -- Installing: /home/ign/Desktop/ros2_ws/install/cpp_srvcli/lib/cpp_srvcli/client
[3.644s] -- Set runtime path of "/home/ign/Desktop/ros2_ws/install/cpp_srvcli/lib/cpp_srvcli/client" to ""
[3.644s] -- Installing: /home/ign/Desktop/ros2_ws/install/cpp_srvcli/share/ament_index/resource_index/package_run_dependencies/cpp_srvcli
[3.644s] -- Installing: /home/ign/Desktop/ros2_ws/install/cpp_srvcli/share/ament_index/resource_index/parent_prefix_path/cpp_srvcli
[3.644s] -- Installing: /home/ign/Desktop/ros2_ws/install/cpp_srvcli/share/cpp_srvcli/environment/ament_prefix_path.sh
[3.644s] -- Installing: /home/ign/Desktop/ros2_ws/install/cpp_srvcli/share/cpp_srvcli/environment/path.sh
[3.644s] -- Installing: /home/ign/Desktop/ros2_ws/install/cpp_srvcli/share/cpp_srvcli/local_setup.bash
[3.645s] -- Installing: /home/ign/Desktop/ros2_ws/install/cpp_srvcli/share/cpp_srvcli/local_setup.sh
[3.645s] -- Installing: /home/ign/Desktop/ros2_ws/install/cpp_srvcli/share/cpp_srvcli/local_setup.zsh
[3.645s] -- Installing: /home/ign/Desktop/ros2_ws/install/cpp_srvcli/share/ament_index/resource_index/packages/cpp_srvcli
[3.645s] -- Installing: /home/ign/Desktop/ros2_ws/install/cpp_srvcli/share/cpp_srvcli/cmake/cpp_srvcliConfig.cmake
[3.645s] -- Installing: /home/ign/Desktop/ros2_ws/install/cpp_srvcli/share/cpp_srvcli/cmake/cpp_srvcliConfig-version.cmake
[3.645s] -- Installing: /home/ign/Desktop/ros2_ws/install/cpp_srvcli/share/cpp_srvcli/package.xml
[3.650s] Invoked command in '/home/ign/Desktop/ros2_ws/build/cpp_srvcli' returned '0': CMAKE_PREFIX_PATH=/opt/ros/dashing SHLVL=2 _=/usr/bin/env /usr/bin/cmake --build /home/ign/Desktop/ros2_ws/build/cpp_srvcli --target install -- -j4 -l4
