-- The C compiler identification is GNU 7.5.0
-- The CXX compiler identification is GNU 7.5.0
-- Check for working C compiler: /usr/bin/cc
-- Check for working C compiler: /usr/bin/cc -- works
-- Detecting C compiler ABI info
-- Detecting C compiler ABI info - done
-- Detecting C compile features
-- Detecting C compile features - done
-- Check for working CXX compiler: /usr/bin/c++
-- Check for working CXX compiler: /usr/bin/c++ -- works
-- Detecting CXX compiler ABI info
-- Detecting CXX compiler ABI info - done
-- Detecting CXX compile features
-- Detecting CXX compile features - done
-- Found ament_cmake: 0.7.5 (/opt/ros/dashing/share/ament_cmake/cmake)
-- Found PythonInterp: /usr/bin/python3 (found suitable version "3.6.9", minimum required is "3") 
-- Using PYTHON_EXECUTABLE: /usr/bin/python3
-- Found rosidl_default_generators: 0.7.0 (/opt/ros/dashing/share/rosidl_default_generators/cmake)
-- Found OpenSSL: /usr/lib/x86_64-linux-gnu/libcrypto.so (found version "1.1.1") 
-- Found FastRTPS: /opt/ros/dashing/include  
-- Found rosidl_adapter: 0.7.9 (/opt/ros/dashing/share/rosidl_adapter/cmake)
-- Found PythonInterp: /usr/bin/python3 (found version "3.6.9") 
-- Using single matching rosidl_typesupport_c: rosidl_typesupport_fastrtps_c
-- Using single matching rosidl_typesupport_cpp: rosidl_typesupport_fastrtps_cpp
-- Found rmw_implementation_cmake: 0.7.2 (/opt/ros/dashing/share/rmw_implementation_cmake/cmake)
-- Found PythonInterp: /usr/bin/python3 (found suitable version "3.6.9", minimum required is "3.5") 
-- Found python_cmake_module: 0.7.10 (/opt/ros/dashing/share/python_cmake_module/cmake)
-- Found PythonLibs: /usr/lib/x86_64-linux-gnu/libpython3.6m.so (found suitable version "3.6.9", minimum required is "3.5") 
-- Using PYTHON_EXECUTABLE: /usr/bin/python3
-- Using PYTHON_INCLUDE_DIRS: /usr/include/python3.6m
-- Using PYTHON_LIBRARIES: /usr/lib/x86_64-linux-gnu/libpython3.6m.so
-- Found PythonExtra: .so  
-- Found ament_lint_auto: 0.7.12 (/opt/ros/dashing/share/ament_lint_auto/cmake)
-- Added test 'copyright' to check for copyright in CMake / C / C++ / Python code
-- Added test 'flake8' to check Python code syntax and style conventions
-- Added test 'lint_cmake' to check CMake code style
-- Added test 'pep257' to check Python code against some of the style conventions in PEP 257
-- Added test 'xmllint' to check XML markup files
-- Configuring done
-- Generating done
-- Build files have been written to: /home/ign/Desktop/ros2_ws/build/custom_msg
[  2%] [34m[1mGenerating C code for ROS interfaces[0m
[35m[1mScanning dependencies of target custom_msg__cpp[0m
[  5%] [34m[1mGenerating C++ code for ROS interfaces[0m
[  5%] Built target custom_msg__cpp
[ 10%] [34m[1mGenerating C++ introspection for ROS interfaces[0m
[ 10%] [34m[1mGenerating C++ type support for eProsima Fast-RTPS[0m
[35m[1mScanning dependencies of target custom_msg__rosidl_generator_c[0m
[ 13%] [32mBuilding C object CMakeFiles/custom_msg__rosidl_generator_c.dir/rosidl_generator_c/custom_msg/msg/num__functions.c.o[0m
[ 16%] [32mBuilding C object CMakeFiles/custom_msg__rosidl_generator_c.dir/rosidl_generator_c/custom_msg/srv/add_three_ints__functions.c.o[0m
[ 18%] [32m[1mLinking C shared library libcustom_msg__rosidl_generator_c.so[0m
[ 18%] Built target custom_msg__rosidl_generator_c
[ 21%] [34m[1mGenerating C introspection for ROS interfaces[0m
[35m[1mScanning dependencies of target custom_msg__rosidl_typesupport_introspection_cpp[0m
[35m[1mScanning dependencies of target custom_msg__rosidl_typesupport_fastrtps_cpp[0m
[ 24%] [32mBuilding CXX object CMakeFiles/custom_msg__rosidl_typesupport_introspection_cpp.dir/rosidl_typesupport_introspection_cpp/custom_msg/srv/add_three_ints__type_support.cpp.o[0m
[ 27%] [32mBuilding CXX object CMakeFiles/custom_msg__rosidl_typesupport_introspection_cpp.dir/rosidl_typesupport_introspection_cpp/custom_msg/msg/num__type_support.cpp.o[0m
[ 29%] [32mBuilding CXX object CMakeFiles/custom_msg__rosidl_typesupport_fastrtps_cpp.dir/rosidl_typesupport_fastrtps_cpp/custom_msg/msg/dds_fastrtps/num__type_support.cpp.o[0m
[35m[1mScanning dependencies of target custom_msg__rosidl_typesupport_introspection_c[0m
[ 32%] [32mBuilding C object CMakeFiles/custom_msg__rosidl_typesupport_introspection_c.dir/rosidl_typesupport_introspection_c/custom_msg/msg/num__type_support.c.o[0m
[ 35%] [32mBuilding C object CMakeFiles/custom_msg__rosidl_typesupport_introspection_c.dir/rosidl_typesupport_introspection_c/custom_msg/srv/add_three_ints__type_support.c.o[0m
[ 37%] [32m[1mLinking C shared library libcustom_msg__rosidl_typesupport_introspection_c.so[0m
[ 37%] Built target custom_msg__rosidl_typesupport_introspection_c
[ 40%] [32mBuilding CXX object CMakeFiles/custom_msg__rosidl_typesupport_fastrtps_cpp.dir/rosidl_typesupport_fastrtps_cpp/custom_msg/srv/dds_fastrtps/add_three_ints__type_support.cpp.o[0m
[ 43%] [32m[1mLinking CXX shared library libcustom_msg__rosidl_typesupport_introspection_cpp.so[0m
[ 43%] Built target custom_msg__rosidl_typesupport_introspection_cpp
[ 45%] [32m[1mLinking CXX shared library libcustom_msg__rosidl_typesupport_fastrtps_cpp.so[0m
[ 45%] Built target custom_msg__rosidl_typesupport_fastrtps_cpp
[ 51%] [34m[1mGenerating C type support for eProsima Fast-RTPS[0m
[ 51%] [34m[1mGenerating C++ type support dispatch for ROS interfaces[0m
[35m[1mScanning dependencies of target custom_msg__rosidl_typesupport_cpp[0m
[ 54%] [32mBuilding CXX object CMakeFiles/custom_msg__rosidl_typesupport_cpp.dir/rosidl_typesupport_cpp/custom_msg/msg/num__type_support.cpp.o[0m
[ 56%] [32mBuilding CXX object CMakeFiles/custom_msg__rosidl_typesupport_cpp.dir/rosidl_typesupport_cpp/custom_msg/srv/add_three_ints__type_support.cpp.o[0m
[35m[1mScanning dependencies of target custom_msg__rosidl_typesupport_fastrtps_c[0m
[ 59%] [32mBuilding CXX object CMakeFiles/custom_msg__rosidl_typesupport_fastrtps_c.dir/rosidl_typesupport_fastrtps_c/custom_msg/msg/num__type_support_c.cpp.o[0m
[ 62%] [32mBuilding CXX object CMakeFiles/custom_msg__rosidl_typesupport_fastrtps_c.dir/rosidl_typesupport_fastrtps_c/custom_msg/srv/add_three_ints__type_support_c.cpp.o[0m
[ 64%] [32m[1mLinking CXX shared library libcustom_msg__rosidl_typesupport_cpp.so[0m
[ 67%] [32m[1mLinking CXX shared library libcustom_msg__rosidl_typesupport_fastrtps_c.so[0m
[ 67%] Built target custom_msg__rosidl_typesupport_cpp
[ 67%] Built target custom_msg__rosidl_typesupport_fastrtps_c
[ 70%] [34m[1mGenerating C type support dispatch for ROS interfaces[0m
[35m[1mScanning dependencies of target custom_msg__rosidl_typesupport_c[0m
[ 75%] [32mBuilding CXX object CMakeFiles/custom_msg__rosidl_typesupport_c.dir/rosidl_typesupport_c/custom_msg/msg/num__type_support.cpp.o[0m
[ 75%] [32mBuilding CXX object CMakeFiles/custom_msg__rosidl_typesupport_c.dir/rosidl_typesupport_c/custom_msg/srv/add_three_ints__type_support.cpp.o[0m
[ 78%] [32m[1mLinking CXX shared library libcustom_msg__rosidl_typesupport_c.so[0m
[ 78%] Built target custom_msg__rosidl_typesupport_c
[35m[1mScanning dependencies of target custom_msg[0m
[ 78%] Built target custom_msg
[35m[1mScanning dependencies of target custom_msg__py[0m
[ 81%] [34m[1mGenerating Python code for ROS interfaces[0m
[ 81%] Built target custom_msg__py
[35m[1mScanning dependencies of target custom_msg__python[0m
[ 86%] [32mBuilding C object CMakeFiles/custom_msg__python.dir/rosidl_generator_py/custom_msg/msg/_num_s.c.o[0m
[ 86%] [32mBuilding C object CMakeFiles/custom_msg__python.dir/rosidl_generator_py/custom_msg/srv/_add_three_ints_s.c.o[0m
[ 89%] [32m[1mLinking C shared library rosidl_generator_py/custom_msg/libcustom_msg__python.so[0m
[ 89%] Built target custom_msg__python
[35m[1mScanning dependencies of target custom_msg__rosidl_typesupport_c__pyext[0m
[35m[1mScanning dependencies of target custom_msg__rosidl_typesupport_fastrtps_c__pyext[0m
[ 91%] [32mBuilding C object CMakeFiles/custom_msg__rosidl_typesupport_c__pyext.dir/rosidl_generator_py/custom_msg/_custom_msg_s.ep.rosidl_typesupport_c.c.o[0m
[ 94%] [32mBuilding C object CMakeFiles/custom_msg__rosidl_typesupport_fastrtps_c__pyext.dir/rosidl_generator_py/custom_msg/_custom_msg_s.ep.rosidl_typesupport_fastrtps_c.c.o[0m
[ 97%] [32m[1mLinking C shared library rosidl_generator_py/custom_msg/custom_msg_s__rosidl_typesupport_fastrtps_c.cpython-36m-x86_64-linux-gnu.so[0m
[100%] [32m[1mLinking C shared library rosidl_generator_py/custom_msg/custom_msg_s__rosidl_typesupport_c.cpython-36m-x86_64-linux-gnu.so[0m
[100%] Built target custom_msg__rosidl_typesupport_fastrtps_c__pyext
[100%] Built target custom_msg__rosidl_typesupport_c__pyext
[  2%] Built target custom_msg__cpp
[ 13%] Built target custom_msg__rosidl_generator_c
[ 24%] Built target custom_msg__rosidl_typesupport_introspection_c
[ 35%] Built target custom_msg__rosidl_typesupport_introspection_cpp
[ 45%] Built target custom_msg__rosidl_typesupport_fastrtps_cpp
[ 67%] Built target custom_msg__rosidl_typesupport_fastrtps_c
[ 67%] Built target custom_msg__rosidl_typesupport_cpp
[ 78%] Built target custom_msg__rosidl_typesupport_c
[ 78%] Built target custom_msg
[ 81%] Built target custom_msg__py
[ 89%] Built target custom_msg__python
[ 94%] Built target custom_msg__rosidl_typesupport_fastrtps_c__pyext
[100%] Built target custom_msg__rosidl_typesupport_c__pyext
[36mInstall the project...[0m
-- Install configuration: ""
-- Installing: /home/ign/Desktop/ros2_ws/install/custom_msg/share/ament_index/resource_index/rosidl_interfaces/custom_msg
-- Installing: /home/ign/Desktop/ros2_ws/install/custom_msg/lib/libcustom_msg__rosidl_typesupport_c.so
-- Set runtime path of "/home/ign/Desktop/ros2_ws/install/custom_msg/lib/libcustom_msg__rosidl_typesupport_c.so" to ""
-- Installing: /home/ign/Desktop/ros2_ws/install/custom_msg/share/custom_msg/environment/library_path.sh
-- Installing: /home/ign/Desktop/ros2_ws/install/custom_msg/lib/libcustom_msg__rosidl_typesupport_cpp.so
-- Set runtime path of "/home/ign/Desktop/ros2_ws/install/custom_msg/lib/libcustom_msg__rosidl_typesupport_cpp.so" to ""
-- Installing: /home/ign/Desktop/ros2_ws/install/custom_msg/include/custom_msg
-- Installing: /home/ign/Desktop/ros2_ws/install/custom_msg/include/custom_msg/msg
-- Installing: /home/ign/Desktop/ros2_ws/install/custom_msg/include/custom_msg/msg/num__rosidl_typesupport_fastrtps_c.h
-- Installing: /home/ign/Desktop/ros2_ws/install/custom_msg/include/custom_msg/msg/rosidl_typesupport_fastrtps_c__visibility_control.h
-- Installing: /home/ign/Desktop/ros2_ws/install/custom_msg/include/custom_msg/srv
-- Installing: /home/ign/Desktop/ros2_ws/install/custom_msg/include/custom_msg/srv/add_three_ints__rosidl_typesupport_fastrtps_c.h
-- Installing: /home/ign/Desktop/ros2_ws/install/custom_msg/lib/libcustom_msg__rosidl_typesupport_fastrtps_c.so
-- Set runtime path of "/home/ign/Desktop/ros2_ws/install/custom_msg/lib/libcustom_msg__rosidl_typesupport_fastrtps_c.so" to ""
-- Up-to-date: /home/ign/Desktop/ros2_ws/install/custom_msg/include/custom_msg
-- Up-to-date: /home/ign/Desktop/ros2_ws/install/custom_msg/include/custom_msg/msg
-- Installing: /home/ign/Desktop/ros2_ws/install/custom_msg/include/custom_msg/msg/num__type_support.h
-- Installing: /home/ign/Desktop/ros2_ws/install/custom_msg/include/custom_msg/msg/num.h
-- Installing: /home/ign/Desktop/ros2_ws/install/custom_msg/include/custom_msg/msg/num__functions.h
-- Installing: /home/ign/Desktop/ros2_ws/install/custom_msg/include/custom_msg/msg/rosidl_generator_c__visibility_control.h
-- Installing: /home/ign/Desktop/ros2_ws/install/custom_msg/include/custom_msg/msg/num__struct.h
-- Installing: /home/ign/Desktop/ros2_ws/install/custom_msg/include/custom_msg/msg/num__functions.c
-- Up-to-date: /home/ign/Desktop/ros2_ws/install/custom_msg/include/custom_msg/srv
-- Installing: /home/ign/Desktop/ros2_ws/install/custom_msg/include/custom_msg/srv/add_three_ints__functions.c
-- Installing: /home/ign/Desktop/ros2_ws/install/custom_msg/include/custom_msg/srv/add_three_ints__type_support.h
-- Installing: /home/ign/Desktop/ros2_ws/install/custom_msg/include/custom_msg/srv/add_three_ints__struct.h
-- Installing: /home/ign/Desktop/ros2_ws/install/custom_msg/include/custom_msg/srv/add_three_ints__functions.h
-- Installing: /home/ign/Desktop/ros2_ws/install/custom_msg/include/custom_msg/srv/add_three_ints.h
-- Installing: /home/ign/Desktop/ros2_ws/install/custom_msg/lib/libcustom_msg__rosidl_generator_c.so
-- Set runtime path of "/home/ign/Desktop/ros2_ws/install/custom_msg/lib/libcustom_msg__rosidl_generator_c.so" to ""
-- Up-to-date: /home/ign/Desktop/ros2_ws/install/custom_msg/include/custom_msg
-- Up-to-date: /home/ign/Desktop/ros2_ws/install/custom_msg/include/custom_msg/msg
-- Installing: /home/ign/Desktop/ros2_ws/install/custom_msg/include/custom_msg/msg/dds_fastrtps
-- Installing: /home/ign/Desktop/ros2_ws/install/custom_msg/include/custom_msg/msg/num__rosidl_typesupport_fastrtps_cpp.hpp
-- Installing: /home/ign/Desktop/ros2_ws/install/custom_msg/include/custom_msg/msg/rosidl_typesupport_fastrtps_cpp__visibility_control.h
-- Up-to-date: /home/ign/Desktop/ros2_ws/install/custom_msg/include/custom_msg/srv
-- Installing: /home/ign/Desktop/ros2_ws/install/custom_msg/include/custom_msg/srv/add_three_ints__rosidl_typesupport_fastrtps_cpp.hpp
-- Installing: /home/ign/Desktop/ros2_ws/install/custom_msg/include/custom_msg/srv/dds_fastrtps
-- Installing: /home/ign/Desktop/ros2_ws/install/custom_msg/lib/libcustom_msg__rosidl_typesupport_fastrtps_cpp.so
-- Set runtime path of "/home/ign/Desktop/ros2_ws/install/custom_msg/lib/libcustom_msg__rosidl_typesupport_fastrtps_cpp.so" to ""
-- Up-to-date: /home/ign/Desktop/ros2_ws/install/custom_msg/include/custom_msg
-- Up-to-date: /home/ign/Desktop/ros2_ws/install/custom_msg/include/custom_msg/msg
-- Installing: /home/ign/Desktop/ros2_ws/install/custom_msg/include/custom_msg/msg/num__struct.hpp
-- Installing: /home/ign/Desktop/ros2_ws/install/custom_msg/include/custom_msg/msg/num.hpp
-- Installing: /home/ign/Desktop/ros2_ws/install/custom_msg/include/custom_msg/msg/num__traits.hpp
-- Up-to-date: /home/ign/Desktop/ros2_ws/install/custom_msg/include/custom_msg/srv
-- Installing: /home/ign/Desktop/ros2_ws/install/custom_msg/include/custom_msg/srv/add_three_ints.hpp
-- Installing: /home/ign/Desktop/ros2_ws/install/custom_msg/include/custom_msg/srv/add_three_ints__struct.hpp
-- Installing: /home/ign/Desktop/ros2_ws/install/custom_msg/include/custom_msg/srv/add_three_ints__traits.hpp
-- Up-to-date: /home/ign/Desktop/ros2_ws/install/custom_msg/include/custom_msg
-- Up-to-date: /home/ign/Desktop/ros2_ws/install/custom_msg/include/custom_msg/msg
-- Installing: /home/ign/Desktop/ros2_ws/install/custom_msg/include/custom_msg/msg/num__type_support.c
-- Installing: /home/ign/Desktop/ros2_ws/install/custom_msg/include/custom_msg/msg/rosidl_typesupport_introspection_c__visibility_control.h
-- Installing: /home/ign/Desktop/ros2_ws/install/custom_msg/include/custom_msg/msg/num__rosidl_typesupport_introspection_c.h
-- Up-to-date: /home/ign/Desktop/ros2_ws/install/custom_msg/include/custom_msg/srv
-- Installing: /home/ign/Desktop/ros2_ws/install/custom_msg/include/custom_msg/srv/add_three_ints__rosidl_typesupport_introspection_c.h
-- Installing: /home/ign/Desktop/ros2_ws/install/custom_msg/include/custom_msg/srv/add_three_ints__type_support.c
-- Installing: /home/ign/Desktop/ros2_ws/install/custom_msg/lib/libcustom_msg__rosidl_typesupport_introspection_c.so
-- Set runtime path of "/home/ign/Desktop/ros2_ws/install/custom_msg/lib/libcustom_msg__rosidl_typesupport_introspection_c.so" to ""
-- Up-to-date: /home/ign/Desktop/ros2_ws/install/custom_msg/include/custom_msg
-- Up-to-date: /home/ign/Desktop/ros2_ws/install/custom_msg/include/custom_msg/msg
-- Installing: /home/ign/Desktop/ros2_ws/install/custom_msg/include/custom_msg/msg/num__rosidl_typesupport_introspection_cpp.hpp
-- Installing: /home/ign/Desktop/ros2_ws/install/custom_msg/include/custom_msg/msg/num__type_support.cpp
-- Up-to-date: /home/ign/Desktop/ros2_ws/install/custom_msg/include/custom_msg/srv
-- Installing: /home/ign/Desktop/ros2_ws/install/custom_msg/include/custom_msg/srv/add_three_ints__rosidl_typesupport_introspection_cpp.hpp
-- Installing: /home/ign/Desktop/ros2_ws/install/custom_msg/include/custom_msg/srv/add_three_ints__type_support.cpp
-- Installing: /home/ign/Desktop/ros2_ws/install/custom_msg/lib/libcustom_msg__rosidl_typesupport_introspection_cpp.so
-- Set runtime path of "/home/ign/Desktop/ros2_ws/install/custom_msg/lib/libcustom_msg__rosidl_typesupport_introspection_cpp.so" to ""
-- Installing: /home/ign/Desktop/ros2_ws/install/custom_msg/share/custom_msg/environment/pythonpath.sh
-- Installing: /home/ign/Desktop/ros2_ws/install/custom_msg/lib/python3.6/site-packages/custom_msg/__init__.py
Compiling '/home/ign/Desktop/ros2_ws/install/custom_msg/lib/python3.6/site-packages/custom_msg/__init__.py'...
-- Installing: /home/ign/Desktop/ros2_ws/install/custom_msg/lib/python3.6/site-packages/custom_msg/msg
-- Installing: /home/ign/Desktop/ros2_ws/install/custom_msg/lib/python3.6/site-packages/custom_msg/msg/_num.py
-- Installing: /home/ign/Desktop/ros2_ws/install/custom_msg/lib/python3.6/site-packages/custom_msg/msg/__init__.py
-- Installing: /home/ign/Desktop/ros2_ws/install/custom_msg/lib/python3.6/site-packages/custom_msg/msg/_num_s.c
-- Installing: /home/ign/Desktop/ros2_ws/install/custom_msg/lib/python3.6/site-packages/custom_msg/srv
-- Installing: /home/ign/Desktop/ros2_ws/install/custom_msg/lib/python3.6/site-packages/custom_msg/srv/_add_three_ints_s.c
-- Installing: /home/ign/Desktop/ros2_ws/install/custom_msg/lib/python3.6/site-packages/custom_msg/srv/__init__.py
-- Installing: /home/ign/Desktop/ros2_ws/install/custom_msg/lib/python3.6/site-packages/custom_msg/srv/_add_three_ints.py
-- Installing: /home/ign/Desktop/ros2_ws/install/custom_msg/lib/python3.6/site-packages/custom_msg/custom_msg_s__rosidl_typesupport_c.cpython-36m-x86_64-linux-gnu.so
-- Set runtime path of "/home/ign/Desktop/ros2_ws/install/custom_msg/lib/python3.6/site-packages/custom_msg/custom_msg_s__rosidl_typesupport_c.cpython-36m-x86_64-linux-gnu.so" to ""
-- Installing: /home/ign/Desktop/ros2_ws/install/custom_msg/lib/python3.6/site-packages/custom_msg/custom_msg_s__rosidl_typesupport_fastrtps_c.cpython-36m-x86_64-linux-gnu.so
-- Set runtime path of "/home/ign/Desktop/ros2_ws/install/custom_msg/lib/python3.6/site-packages/custom_msg/custom_msg_s__rosidl_typesupport_fastrtps_c.cpython-36m-x86_64-linux-gnu.so" to ""
-- Installing: /home/ign/Desktop/ros2_ws/install/custom_msg/lib/libcustom_msg__python.so
-- Set runtime path of "/home/ign/Desktop/ros2_ws/install/custom_msg/lib/libcustom_msg__python.so" to ""
-- Installing: /home/ign/Desktop/ros2_ws/install/custom_msg/share/custom_msg/msg/Num.idl
-- Installing: /home/ign/Desktop/ros2_ws/install/custom_msg/share/custom_msg/srv/AddThreeInts.idl
-- Installing: /home/ign/Desktop/ros2_ws/install/custom_msg/share/custom_msg/msg/Num.msg
-- Installing: /home/ign/Desktop/ros2_ws/install/custom_msg/share/custom_msg/srv/AddThreeInts.srv
-- Installing: /home/ign/Desktop/ros2_ws/install/custom_msg/share/custom_msg/srv/AddThreeInts_Request.msg
-- Installing: /home/ign/Desktop/ros2_ws/install/custom_msg/share/custom_msg/srv/AddThreeInts_Response.msg
-- Installing: /home/ign/Desktop/ros2_ws/install/custom_msg/share/ament_index/resource_index/package_run_dependencies/custom_msg
-- Installing: /home/ign/Desktop/ros2_ws/install/custom_msg/share/ament_index/resource_index/parent_prefix_path/custom_msg
-- Installing: /home/ign/Desktop/ros2_ws/install/custom_msg/share/custom_msg/environment/ament_prefix_path.sh
-- Installing: /home/ign/Desktop/ros2_ws/install/custom_msg/share/custom_msg/environment/path.sh
-- Installing: /home/ign/Desktop/ros2_ws/install/custom_msg/share/custom_msg/local_setup.bash
-- Installing: /home/ign/Desktop/ros2_ws/install/custom_msg/share/custom_msg/local_setup.sh
-- Installing: /home/ign/Desktop/ros2_ws/install/custom_msg/share/custom_msg/local_setup.zsh
-- Installing: /home/ign/Desktop/ros2_ws/install/custom_msg/share/ament_index/resource_index/packages/custom_msg
-- Installing: /home/ign/Desktop/ros2_ws/install/custom_msg/share/custom_msg/cmake/rosidl_cmake-extras.cmake
-- Installing: /home/ign/Desktop/ros2_ws/install/custom_msg/share/custom_msg/cmake/ament_cmake_export_libraries-extras.cmake
-- Installing: /home/ign/Desktop/ros2_ws/install/custom_msg/share/custom_msg/cmake/ament_cmake_export_include_directories-extras.cmake
-- Installing: /home/ign/Desktop/ros2_ws/install/custom_msg/share/custom_msg/cmake/custom_msgConfig.cmake
-- Installing: /home/ign/Desktop/ros2_ws/install/custom_msg/share/custom_msg/cmake/custom_msgConfig-version.cmake
-- Installing: /home/ign/Desktop/ros2_ws/install/custom_msg/share/custom_msg/package.xml
