[0.019s] Invoking command in '/home/ign/Desktop/ros2_ws/build/cpp_srvcli': CMAKE_PREFIX_PATH=${CMAKE_PREFIX_PATH}:/home/ign/Desktop/ros2_ws/install/py_pubsub:/opt/ros/dashing SHLVL=2 _=/usr/bin/env /usr/bin/cmake /home/ign/Desktop/ros2_ws/src/cpp_srvcli -DCMAKE_INSTALL_PREFIX=/home/ign/Desktop/ros2_ws/install/cpp_srvcli
[0.041s] -- Found ament_cmake: 0.7.5 (/opt/ros/dashing/share/ament_cmake/cmake)
[0.077s] -- Using PYTHON_EXECUTABLE: /usr/bin/python3
[0.359s] -- Found rclcpp: 0.7.14 (/opt/ros/dashing/share/rclcpp/cmake)
[0.376s] -- Found rosidl_adapter: 0.7.9 (/opt/ros/dashing/share/rosidl_adapter/cmake)
[0.420s] -- Found rmw_implementation_cmake: 0.7.2 (/opt/ros/dashing/share/rmw_implementation_cmake/cmake)
[0.422s] -- Using RMW implementation 'rmw_fastrtps_cpp' as default
[0.456s] -- Found example_interfaces: 0.7.1 (/opt/ros/dashing/share/example_interfaces/cmake)
[0.605s] -- Found ament_lint_auto: 0.7.12 (/opt/ros/dashing/share/ament_lint_auto/cmake)
[0.605s] CMake Error at /opt/ros/dashing/share/ament_lint_auto/cmake/ament_lint_auto-extras.cmake:18 (message):
[0.605s]   find_package(ament_lint_auto) must be called before ament_package()
[0.605s] Call Stack (most recent call first):
[0.605s]   /opt/ros/dashing/share/ament_lint_auto/cmake/ament_lint_autoConfig.cmake:38 (include)
[0.606s]   CMakeLists.txt:38 (find_package)
[0.606s] 
[0.606s] 
[0.607s] -- Configuring incomplete, errors occurred!
[0.607s] See also "/home/ign/Desktop/ros2_ws/build/cpp_srvcli/CMakeFiles/CMakeOutput.log".
[0.607s] See also "/home/ign/Desktop/ros2_ws/build/cpp_srvcli/CMakeFiles/CMakeError.log".
[0.610s] Invoked command in '/home/ign/Desktop/ros2_ws/build/cpp_srvcli' returned '1': CMAKE_PREFIX_PATH=${CMAKE_PREFIX_PATH}:/home/ign/Desktop/ros2_ws/install/py_pubsub:/opt/ros/dashing SHLVL=2 _=/usr/bin/env /usr/bin/cmake /home/ign/Desktop/ros2_ws/src/cpp_srvcli -DCMAKE_INSTALL_PREFIX=/home/ign/Desktop/ros2_ws/install/cpp_srvcli
