[35m[1mScanning dependencies of target listener[0m
[ 50%] Built target talker
[ 75%] [32mBuilding CXX object CMakeFiles/listener.dir/src/member2.cpp.o[0m
[100%] [32m[1mLinking CXX executable listener[0m
[100%] Built target listener
[100%] Built target listener
[100%] Built target talker
[36mInstall the project...[0m
-- Install configuration: ""
-- Execute custom install script
-- Up-to-date symlink: /home/ign/Desktop/ros2_ws/install/cpp_pubsub/lib/cpp_pubsub/talker
-- Up-to-date symlink: /home/ign/Desktop/ros2_ws/install/cpp_pubsub/lib/cpp_pubsub/listener
-- Up-to-date symlink: /home/ign/Desktop/ros2_ws/install/cpp_pubsub/share/ament_index/resource_index/package_run_dependencies/cpp_pubsub
-- Up-to-date symlink: /home/ign/Desktop/ros2_ws/install/cpp_pubsub/share/ament_index/resource_index/parent_prefix_path/cpp_pubsub
-- Up-to-date symlink: /home/ign/Desktop/ros2_ws/install/cpp_pubsub/share/cpp_pubsub/environment/ament_prefix_path.sh
-- Up-to-date symlink: /home/ign/Desktop/ros2_ws/install/cpp_pubsub/share/cpp_pubsub/environment/path.sh
-- Up-to-date symlink: /home/ign/Desktop/ros2_ws/install/cpp_pubsub/share/cpp_pubsub/local_setup.bash
-- Up-to-date symlink: /home/ign/Desktop/ros2_ws/install/cpp_pubsub/share/cpp_pubsub/local_setup.sh
-- Up-to-date symlink: /home/ign/Desktop/ros2_ws/install/cpp_pubsub/share/cpp_pubsub/local_setup.zsh
-- Up-to-date symlink: /home/ign/Desktop/ros2_ws/install/cpp_pubsub/share/ament_index/resource_index/packages/cpp_pubsub
-- Up-to-date symlink: /home/ign/Desktop/ros2_ws/install/cpp_pubsub/share/cpp_pubsub/cmake/cpp_pubsubConfig.cmake
-- Up-to-date symlink: /home/ign/Desktop/ros2_ws/install/cpp_pubsub/share/cpp_pubsub/cmake/cpp_pubsubConfig-version.cmake
-- Up-to-date symlink: /home/ign/Desktop/ros2_ws/install/cpp_pubsub/share/cpp_pubsub/package.xml
