[0.029s] Invoking command in '/home/ign/Desktop/ros2_ws/build/ros_msg': CMAKE_PREFIX_PATH=${CMAKE_PREFIX_PATH}:/opt/ros/dashing SHLVL=2 _=/usr/bin/env /usr/bin/cmake /home/ign/Desktop/ros2_ws/ros_msg -DAMENT_CMAKE_SYMLINK_INSTALL=1 -DCMAKE_INSTALL_PREFIX=/home/ign/Desktop/ros2_ws/install/ros_msg
[0.057s] -- Found ament_cmake: 0.7.5 (/opt/ros/dashing/share/ament_cmake/cmake)
[0.105s] -- Found PythonInterp: /usr/bin/python3 (found suitable version "3.6.9", minimum required is "3") 
[0.106s] -- Using PYTHON_EXECUTABLE: /usr/bin/python3
[0.399s] -- Override CMake install command with custom implementation using symlinks instead of copying resources
[0.407s] -- Found rclcpp: 0.7.14 (/opt/ros/dashing/share/rclcpp/cmake)
[0.430s] -- Found rosidl_adapter: 0.7.9 (/opt/ros/dashing/share/rosidl_adapter/cmake)
[0.485s] -- Found rmw_implementation_cmake: 0.7.2 (/opt/ros/dashing/share/rmw_implementation_cmake/cmake)
[0.487s] -- Using RMW implementation 'rmw_fastrtps_cpp' as default
[0.523s] -- Found std_msgs: 0.7.0 (/opt/ros/dashing/share/std_msgs/cmake)
[0.529s] -- Found rosidl_default_generators: 0.7.0 (/opt/ros/dashing/share/rosidl_default_generators/cmake)
[0.651s] -- Found ament_lint_auto: 0.7.12 (/opt/ros/dashing/share/ament_lint_auto/cmake)
[0.774s] -- Found PythonInterp: /usr/bin/python3 (found version "3.6.9") 
[0.854s] CMake Error at /opt/ros/dashing/share/rosidl_adapter/cmake/rosidl_adapt_interfaces.cmake:60 (message):
[0.854s]   execute_process(/usr/bin/python3 -m rosidl_adapter --package-name ros_msg
[0.854s]   --arguments-file
[0.854s]   /home/ign/Desktop/ros2_ws/build/ros_msg/rosidl_adapter__arguments__new_msg.json
[0.854s]   --output-dir /home/ign/Desktop/ros2_ws/build/ros_msg/rosidl_adapter/ros_msg
[0.854s]   --output-file
[0.854s]   /home/ign/Desktop/ros2_ws/build/ros_msg/rosidl_adapter/new_msg.idls)
[0.854s]   returned error code 1:
[0.854s] 
[0.855s]   Traceback (most recent call last):
[0.855s] 
[0.855s]     File "/usr/lib/python3.6/runpy.py", line 193, in _run_module_as_main
[0.855s]       "__main__", mod_spec)
[0.855s]     File "/usr/lib/python3.6/runpy.py", line 85, in _run_code
[0.855s]       exec(code, run_globals)
[0.855s]     File "/opt/ros/dashing/lib/python3.6/site-packages/rosidl_adapter/__main__.py", line 19, in <module>
[0.855s]       sys.exit(main())
[0.855s]     File "/opt/ros/dashing/lib/python3.6/site-packages/rosidl_adapter/main.py", line 55, in main
[0.856s]       pathlib.Path(relative_path), output_dir)
[0.856s]     File "/opt/ros/dashing/lib/python3.6/site-packages/rosidl_adapter/__init__.py", line 20, in convert_to_idl
[0.856s]       package_dir, package_name, interface_file, output_dir / 'msg')
[0.856s]     File "/opt/ros/dashing/lib/python3.6/site-packages/rosidl_adapter/msg/__init__.py", line 28, in convert_msg_to_idl
[0.856s]       msg = parse_message_string(package_name, input_file.stem, content)
[0.856s]     File "/opt/ros/dashing/lib/python3.6/site-packages/rosidl_adapter/parser.py", line 522, in parse_message_string
[0.856s]       msg = MessageSpecification(pkg_name, msg_name, fields, constants)
[0.856s]     File "/opt/ros/dashing/lib/python3.6/site-packages/rosidl_adapter/parser.py", line 373, in __init__
[0.856s]       pkg_name + PACKAGE_NAME_MESSAGE_TYPE_SEPARATOR + msg_name)
[0.856s]     File "/opt/ros/dashing/lib/python3.6/site-packages/rosidl_adapter/parser.py", line 196, in __init__
[0.856s]       raise InvalidResourceName(self.type)
[0.857s] 
[0.857s]   rosidl_adapter.parser.InvalidResourceName: mymsg
[0.857s] 
[0.857s] Call Stack (most recent call first):
[0.857s]   /opt/ros/dashing/share/rosidl_cmake/cmake/rosidl_generate_interfaces.cmake:130 (rosidl_adapt_interfaces)
[0.857s]   CMakeLists.txt:40 (rosidl_generate_interfaces)
[0.857s] 
[0.857s] 
[0.857s] -- Configuring incomplete, errors occurred!
[0.857s] See also "/home/ign/Desktop/ros2_ws/build/ros_msg/CMakeFiles/CMakeOutput.log".
[0.858s] See also "/home/ign/Desktop/ros2_ws/build/ros_msg/CMakeFiles/CMakeError.log".
[0.861s] Invoked command in '/home/ign/Desktop/ros2_ws/build/ros_msg' returned '1': CMAKE_PREFIX_PATH=${CMAKE_PREFIX_PATH}:/opt/ros/dashing SHLVL=2 _=/usr/bin/env /usr/bin/cmake /home/ign/Desktop/ros2_ws/ros_msg -DAMENT_CMAKE_SYMLINK_INSTALL=1 -DCMAKE_INSTALL_PREFIX=/home/ign/Desktop/ros2_ws/install/ros_msg
