[0.035s] Invoking command in '/home/ign/Desktop/ros2_ws/build/cpp_pubsub': CMAKE_PREFIX_PATH=${CMAKE_PREFIX_PATH}:/opt/ros/dashing SHLVL=2 _=/usr/bin/env /usr/bin/cmake --build /home/ign/Desktop/ros2_ws/build/cpp_pubsub -- -j4 -l4
[0.123s] [ 50%] Built target listener
[0.136s] [100%] Built target talker
[0.152s] Invoked command in '/home/ign/Desktop/ros2_ws/build/cpp_pubsub' returned '0': CMAKE_PREFIX_PATH=${CMAKE_PREFIX_PATH}:/opt/ros/dashing SHLVL=2 _=/usr/bin/env /usr/bin/cmake --build /home/ign/Desktop/ros2_ws/build/cpp_pubsub -- -j4 -l4
[0.224s] Invoking command in '/home/ign/Desktop/ros2_ws/build/cpp_pubsub': CMAKE_PREFIX_PATH=${CMAKE_PREFIX_PATH}:/opt/ros/dashing SHLVL=2 _=/usr/bin/env /usr/bin/cmake --build /home/ign/Desktop/ros2_ws/build/cpp_pubsub --target install -- -j4 -l4
[0.307s] [ 50%] Built target listener
[0.315s] [100%] Built target talker
[0.352s] [36mInstall the project...[0m
[0.364s] -- Install configuration: ""
[0.365s] -- Execute custom install script
[0.365s] -- Up-to-date symlink: /home/ign/Desktop/ros2_ws/install/cpp_pubsub/lib/cpp_pubsub/talker
[0.366s] -- Up-to-date symlink: /home/ign/Desktop/ros2_ws/install/cpp_pubsub/lib/cpp_pubsub/listener
[0.367s] -- Up-to-date symlink: /home/ign/Desktop/ros2_ws/install/cpp_pubsub/share/ament_index/resource_index/package_run_dependencies/cpp_pubsub
[0.367s] -- Up-to-date symlink: /home/ign/Desktop/ros2_ws/install/cpp_pubsub/share/ament_index/resource_index/parent_prefix_path/cpp_pubsub
[0.368s] -- Up-to-date symlink: /home/ign/Desktop/ros2_ws/install/cpp_pubsub/share/cpp_pubsub/environment/ament_prefix_path.sh
[0.368s] -- Up-to-date symlink: /home/ign/Desktop/ros2_ws/install/cpp_pubsub/share/cpp_pubsub/environment/path.sh
[0.369s] -- Up-to-date symlink: /home/ign/Desktop/ros2_ws/install/cpp_pubsub/share/cpp_pubsub/local_setup.bash
[0.369s] -- Up-to-date symlink: /home/ign/Desktop/ros2_ws/install/cpp_pubsub/share/cpp_pubsub/local_setup.sh
[0.370s] -- Up-to-date symlink: /home/ign/Desktop/ros2_ws/install/cpp_pubsub/share/cpp_pubsub/local_setup.zsh
[0.370s] -- Up-to-date symlink: /home/ign/Desktop/ros2_ws/install/cpp_pubsub/share/ament_index/resource_index/packages/cpp_pubsub
[0.371s] -- Up-to-date symlink: /home/ign/Desktop/ros2_ws/install/cpp_pubsub/share/cpp_pubsub/cmake/cpp_pubsubConfig.cmake
[0.371s] -- Up-to-date symlink: /home/ign/Desktop/ros2_ws/install/cpp_pubsub/share/cpp_pubsub/cmake/cpp_pubsubConfig-version.cmake
[0.371s] -- Up-to-date symlink: /home/ign/Desktop/ros2_ws/install/cpp_pubsub/share/cpp_pubsub/package.xml
[0.377s] Invoked command in '/home/ign/Desktop/ros2_ws/build/cpp_pubsub' returned '0': CMAKE_PREFIX_PATH=${CMAKE_PREFIX_PATH}:/opt/ros/dashing SHLVL=2 _=/usr/bin/env /usr/bin/cmake --build /home/ign/Desktop/ros2_ws/build/cpp_pubsub --target install -- -j4 -l4
