[0.020s] Invoking command in '/home/ign/Desktop/ros2_ws/build/cpp_srvcli': CMAKE_PREFIX_PATH=/opt/ros/dashing SHLVL=2 _=/usr/bin/env /usr/bin/cmake /home/ign/Desktop/ros2_ws/src/cpp_srvcli -DCMAKE_INSTALL_PREFIX=/home/ign/Desktop/ros2_ws/install/cpp_srvcli
[0.037s] -- Found ament_lint_auto: 0.7.12 (/opt/ros/dashing/share/ament_lint_auto/cmake)
[0.071s] -- Using PYTHON_EXECUTABLE: /usr/bin/python3
[0.333s] -- Found ament_cmake: 0.7.5 (/opt/ros/dashing/share/ament_cmake/cmake)
[0.340s] -- Found rclcpp: 0.7.14 (/opt/ros/dashing/share/rclcpp/cmake)
[0.357s] -- Found rosidl_adapter: 0.7.9 (/opt/ros/dashing/share/rosidl_adapter/cmake)
[0.398s] -- Found rmw_implementation_cmake: 0.7.2 (/opt/ros/dashing/share/rmw_implementation_cmake/cmake)
[0.400s] -- Using RMW implementation 'rmw_fastrtps_cpp' as default
[0.432s] -- Found example_interfaces: 0.7.1 (/opt/ros/dashing/share/example_interfaces/cmake)
[0.593s] CMake Error at /opt/ros/dashing/share/ament_cmake_core/cmake/environment_hooks/ament_environment_hooks.cmake:29 (message):
[0.593s]   ament_environment_hooks() must be called before
[0.593s]   ament_generate_package_environment() (which is invoked by ament_package())
[0.594s] Call Stack (most recent call first):
[0.594s]   /opt/ros/dashing/share/ament_cmake_core/cmake/environment_hooks/ament_cmake_environment_hooks_package_hook.cmake:20 (ament_environment_hooks)
[0.594s]   /opt/ros/dashing/share/ament_cmake_core/cmake/core/ament_execute_extensions.cmake:48 (include)
[0.594s]   /opt/ros/dashing/share/ament_cmake_core/cmake/core/ament_package.cmake:66 (ament_execute_extensions)
[0.594s]   CMakeLists.txt:49 (ament_package)
[0.594s] 
[0.595s] 
[0.595s] -- Configuring incomplete, errors occurred!
[0.595s] See also "/home/ign/Desktop/ros2_ws/build/cpp_srvcli/CMakeFiles/CMakeOutput.log".
[0.595s] See also "/home/ign/Desktop/ros2_ws/build/cpp_srvcli/CMakeFiles/CMakeError.log".
[0.600s] Invoked command in '/home/ign/Desktop/ros2_ws/build/cpp_srvcli' returned '1': CMAKE_PREFIX_PATH=/opt/ros/dashing SHLVL=2 _=/usr/bin/env /usr/bin/cmake /home/ign/Desktop/ros2_ws/src/cpp_srvcli -DCMAKE_INSTALL_PREFIX=/home/ign/Desktop/ros2_ws/install/cpp_srvcli
