[0.371s] Invoking command in '/home/ign/Desktop/ros2_ws/src/py_pubsub': PYTHONPATH=/home/ign/Desktop/ros2_ws/install/py_pubsub/lib/python3.6/site-packages:${PYTHONPATH} SHLVL=2 _=/usr/bin/env /usr/bin/python3 setup.py egg_info --egg-base ../../build/py_pubsub build --build-base /home/ign/Desktop/ros2_ws/build/py_pubsub/build install --prefix /home/ign/Desktop/ros2_ws/install/py_pubsub --record /home/ign/Desktop/ros2_ws/build/py_pubsub/install.log --single-version-externally-managed
[0.696s] running egg_info
[0.697s] writing ../../build/py_pubsub/py_pubsub.egg-info/PKG-INFO
[0.698s] writing dependency_links to ../../build/py_pubsub/py_pubsub.egg-info/dependency_links.txt
[0.698s] writing entry points to ../../build/py_pubsub/py_pubsub.egg-info/entry_points.txt
[0.699s] writing requirements to ../../build/py_pubsub/py_pubsub.egg-info/requires.txt
[0.699s] writing top-level names to ../../build/py_pubsub/py_pubsub.egg-info/top_level.txt
[0.741s] reading manifest file '../../build/py_pubsub/py_pubsub.egg-info/SOURCES.txt'
[0.743s] writing manifest file '../../build/py_pubsub/py_pubsub.egg-info/SOURCES.txt'
[0.743s] running build
[0.743s] running build_py
[0.744s] running install
[0.744s] running install_lib
[0.746s] running install_data
[0.746s] running install_egg_info
[0.749s] removing '/home/ign/Desktop/ros2_ws/install/py_pubsub/lib/python3.6/site-packages/py_pubsub-0.0.0-py3.6.egg-info' (and everything under it)
[0.749s] Copying ../../build/py_pubsub/py_pubsub.egg-info to /home/ign/Desktop/ros2_ws/install/py_pubsub/lib/python3.6/site-packages/py_pubsub-0.0.0-py3.6.egg-info
[0.750s] running install_scripts
[0.775s] Installing listener script to /home/ign/Desktop/ros2_ws/install/py_pubsub/lib/py_pubsub
[0.775s] Installing talker script to /home/ign/Desktop/ros2_ws/install/py_pubsub/lib/py_pubsub
[0.776s] writing list of installed files to '/home/ign/Desktop/ros2_ws/build/py_pubsub/install.log'
[0.803s] Invoked command in '/home/ign/Desktop/ros2_ws/src/py_pubsub' returned '0': PYTHONPATH=/home/ign/Desktop/ros2_ws/install/py_pubsub/lib/python3.6/site-packages:${PYTHONPATH} SHLVL=2 _=/usr/bin/env /usr/bin/python3 setup.py egg_info --egg-base ../../build/py_pubsub build --build-base /home/ign/Desktop/ros2_ws/build/py_pubsub/build install --prefix /home/ign/Desktop/ros2_ws/install/py_pubsub --record /home/ign/Desktop/ros2_ws/build/py_pubsub/install.log --single-version-externally-managed
