-- The C compiler identification is GNU 7.5.0
-- The CXX compiler identification is GNU 7.5.0
-- Check for working C compiler: /usr/bin/cc
-- Check for working C compiler: /usr/bin/cc -- works
-- Detecting C compiler ABI info
-- Detecting C compiler ABI info - done
-- Detecting C compile features
-- Detecting C compile features - done
-- Check for working CXX compiler: /usr/bin/c++
-- Check for working CXX compiler: /usr/bin/c++ -- works
-- Detecting CXX compiler ABI info
-- Detecting CXX compiler ABI info - done
-- Detecting CXX compile features
-- Detecting CXX compile features - done
-- Found ament_cmake: 0.7.5 (/opt/ros/dashing/share/ament_cmake/cmake)
-- Found PythonInterp: /usr/bin/python3 (found suitable version "3.6.9", minimum required is "3") 
-- Using PYTHON_EXECUTABLE: /usr/bin/python3
-- Found rclcpp: 0.7.14 (/opt/ros/dashing/share/rclcpp/cmake)
-- Found rosidl_adapter: 0.7.9 (/opt/ros/dashing/share/rosidl_adapter/cmake)
-- Found rmw_implementation_cmake: 0.7.2 (/opt/ros/dashing/share/rmw_implementation_cmake/cmake)
-- Using RMW implementation 'rmw_fastrtps_cpp' as default
-- Looking for pthread.h
-- Looking for pthread.h - found
-- Looking for pthread_create
-- Looking for pthread_create - not found
-- Looking for pthread_create in pthreads
-- Looking for pthread_create in pthreads - not found
-- Looking for pthread_create in pthread
-- Looking for pthread_create in pthread - found
-- Found Threads: TRUE  
-- Found example_interfaces: 0.7.1 (/opt/ros/dashing/share/example_interfaces/cmake)
-- Found ament_lint_auto: 0.7.12 (/opt/ros/dashing/share/ament_lint_auto/cmake)
CMake Error at /opt/ros/dashing/share/ament_lint_auto/cmake/ament_lint_auto-extras.cmake:18 (message):
  find_package(ament_lint_auto) must be called before ament_package()
Call Stack (most recent call first):
  /opt/ros/dashing/share/ament_lint_auto/cmake/ament_lint_autoConfig.cmake:38 (include)
  CMakeLists.txt:38 (find_package)


-- Configuring incomplete, errors occurred!
See also "/home/ign/Desktop/ros2_ws/build/cpp_srvcli/CMakeFiles/CMakeOutput.log".
See also "/home/ign/Desktop/ros2_ws/build/cpp_srvcli/CMakeFiles/CMakeError.log".
