-- Found ament_cmake: 0.7.5 (/opt/ros/dashing/share/ament_cmake/cmake)
-- Using PYTHON_EXECUTABLE: /usr/bin/python3
-- Override CMake install command with custom implementation using symlinks instead of copying resources
-- Found rclcpp: 0.7.14 (/opt/ros/dashing/share/rclcpp/cmake)
-- Found rosidl_adapter: 0.7.9 (/opt/ros/dashing/share/rosidl_adapter/cmake)
-- Found rmw_implementation_cmake: 0.7.2 (/opt/ros/dashing/share/rmw_implementation_cmake/cmake)
-- Using RMW implementation 'rmw_fastrtps_cpp' as default
-- Looking for pthread.h
-- Looking for pthread.h - found
-- Looking for pthread_create
-- Looking for pthread_create - not found
-- Looking for pthread_create in pthreads
-- Looking for pthread_create in pthreads - not found
-- Looking for pthread_create in pthread
-- Looking for pthread_create in pthread - found
-- Found Threads: TRUE  
-- Found std_msgs: 0.7.0 (/opt/ros/dashing/share/std_msgs/cmake)
-- Found ament_lint_auto: 0.7.12 (/opt/ros/dashing/share/ament_lint_auto/cmake)
-- Added test 'copyright' to check for copyright in CMake / C / C++ / Python code
-- Added test 'cppcheck' to perform static code analysis on C / C++ code
-- Configured cppcheck include dirs: 
-- Added test 'cpplint' to check C / C++ code against the Google style
-- Added test 'lint_cmake' to check CMake code style
-- Added test 'uncrustify' to check C / C++ code style
-- Added test 'xmllint' to check XML markup files
-- Configuring done
-- Generating done
-- Build files have been written to: /home/ign/Desktop/ros2_ws/build/cpp_pubsub
[35m[1mScanning dependencies of target talker[0m
[35m[1mScanning dependencies of target listener[0m
[ 50%] [32mBuilding CXX object CMakeFiles/listener.dir/src/member2.cpp.o[0m
[ 50%] [32mBuilding CXX object CMakeFiles/talker.dir/src/member.cpp.o[0m
[ 75%] [32m[1mLinking CXX executable talker[0m
[ 75%] Built target talker
[100%] [32m[1mLinking CXX executable listener[0m
[100%] Built target listener
[ 50%] Built target listener
[100%] Built target talker
[36mInstall the project...[0m
-- Install configuration: ""
-- Execute custom install script
-- Symlinking: /home/ign/Desktop/ros2_ws/install/cpp_pubsub/lib/cpp_pubsub/talker
-- Symlinking: /home/ign/Desktop/ros2_ws/install/cpp_pubsub/lib/cpp_pubsub/listener
-- Symlinking: /home/ign/Desktop/ros2_ws/install/cpp_pubsub/share/ament_index/resource_index/package_run_dependencies/cpp_pubsub
-- Symlinking: /home/ign/Desktop/ros2_ws/install/cpp_pubsub/share/ament_index/resource_index/parent_prefix_path/cpp_pubsub
-- Symlinking: /home/ign/Desktop/ros2_ws/install/cpp_pubsub/share/cpp_pubsub/environment/ament_prefix_path.sh
-- Symlinking: /home/ign/Desktop/ros2_ws/install/cpp_pubsub/share/cpp_pubsub/environment/path.sh
-- Symlinking: /home/ign/Desktop/ros2_ws/install/cpp_pubsub/share/cpp_pubsub/local_setup.bash
-- Symlinking: /home/ign/Desktop/ros2_ws/install/cpp_pubsub/share/cpp_pubsub/local_setup.sh
-- Symlinking: /home/ign/Desktop/ros2_ws/install/cpp_pubsub/share/cpp_pubsub/local_setup.zsh
-- Symlinking: /home/ign/Desktop/ros2_ws/install/cpp_pubsub/share/ament_index/resource_index/packages/cpp_pubsub
-- Symlinking: /home/ign/Desktop/ros2_ws/install/cpp_pubsub/share/cpp_pubsub/cmake/cpp_pubsubConfig.cmake
-- Symlinking: /home/ign/Desktop/ros2_ws/install/cpp_pubsub/share/cpp_pubsub/cmake/cpp_pubsubConfig-version.cmake
-- Symlinking: /home/ign/Desktop/ros2_ws/install/cpp_pubsub/share/cpp_pubsub/package.xml
