[0.256s] DEBUG:colcon:Command line arguments: ['/usr/bin/colcon', 'build', '--symlink-install']
[0.256s] DEBUG:colcon:Parsed command line arguments: Namespace(ament_cmake_args=None, base_paths=['.'], build_base='build', catkin_cmake_args=None, catkin_skip_building_tests=False, cmake_args=None, cmake_clean_cache=False, cmake_clean_first=False, cmake_force_configure=False, cmake_target=None, cmake_target_skip_unavailable=False, continue_on_error=False, event_handlers=None, executor='parallel', ignore_user_meta=False, install_base='install', log_base=None, log_level=None, main=<bound method BuildVerb.main of <colcon_core.verb.build.BuildVerb object at 0x7ff53e146710>>, merge_install=False, metas=['./colcon.meta'], packages_above=None, packages_above_and_dependencies=None, packages_above_depth=None, packages_end=None, packages_ignore=None, packages_ignore_regex=None, packages_select=None, packages_select_build_failed=False, packages_select_by_dep=None, packages_select_regex=None, packages_select_test_failures=False, packages_skip=None, packages_skip_build_finished=False, packages_skip_by_dep=None, packages_skip_regex=None, packages_skip_test_passed=False, packages_skip_up_to=None, packages_start=None, packages_up_to=None, packages_up_to_regex=None, parallel_workers=4, paths=None, symlink_install=True, test_result_base=None, verb_extension=<colcon_core.verb.build.BuildVerb object at 0x7ff53e146710>, verb_name='build', verb_parser=<colcon_defaults.argument_parser.defaults.DefaultArgumentsDecorator object at 0x7ff53e146978>)
[0.264s] Level 1:colcon.colcon_core.package_discovery:discover_packages(colcon_meta) check parameters
[0.264s] Level 1:colcon.colcon_core.package_discovery:discover_packages(recursive) check parameters
[0.264s] Level 1:colcon.colcon_core.package_discovery:discover_packages(ignore) check parameters
[0.264s] Level 1:colcon.colcon_core.package_discovery:discover_packages(path) check parameters
[0.264s] Level 1:colcon.colcon_core.package_discovery:discover_packages(colcon_meta) discover
[0.265s] Level 1:colcon.colcon_core.package_discovery:discover_packages(recursive) discover
[0.265s] INFO:colcon.colcon_core.package_discovery:Crawling recursively for packages in '/home/ign/Desktop/ros2_ws'
[0.265s] Level 1:colcon.colcon_core.package_identification:_identify(.) by extensions ['ignore', 'ignore_ament_install']
[0.265s] Level 1:colcon.colcon_core.package_identification:_identify(.) by extension 'ignore'
[0.265s] Level 1:colcon.colcon_core.package_identification:_identify(.) by extension 'ignore_ament_install'
[0.265s] Level 1:colcon.colcon_core.package_identification:_identify(.) by extensions ['colcon_pkg']
[0.265s] Level 1:colcon.colcon_core.package_identification:_identify(.) by extension 'colcon_pkg'
[0.265s] Level 1:colcon.colcon_core.package_identification:_identify(.) by extensions ['colcon_meta']
[0.266s] Level 1:colcon.colcon_core.package_identification:_identify(.) by extension 'colcon_meta'
[0.266s] Level 1:colcon.colcon_core.package_identification:_identify(.) by extensions ['ros']
[0.266s] Level 1:colcon.colcon_core.package_identification:_identify(.) by extension 'ros'
[0.284s] Level 1:colcon.colcon_core.package_identification:_identify(.) by extensions ['cmake', 'python']
[0.284s] Level 1:colcon.colcon_core.package_identification:_identify(.) by extension 'cmake'
[0.284s] Level 1:colcon.colcon_core.package_identification:_identify(.) by extension 'python'
[0.284s] Level 1:colcon.colcon_core.package_identification:_identify(.) by extensions ['python_setup_py']
[0.284s] Level 1:colcon.colcon_core.package_identification:_identify(.) by extension 'python_setup_py'
[0.284s] Level 1:colcon.colcon_core.package_identification:_identify(build) by extensions ['ignore', 'ignore_ament_install']
[0.284s] Level 1:colcon.colcon_core.package_identification:_identify(build) by extension 'ignore'
[0.285s] Level 1:colcon.colcon_core.package_identification:_identify(build) ignored
[0.285s] Level 1:colcon.colcon_core.package_identification:_identify(cpp_pubsub) by extensions ['ignore', 'ignore_ament_install']
[0.285s] Level 1:colcon.colcon_core.package_identification:_identify(cpp_pubsub) by extension 'ignore'
[0.285s] Level 1:colcon.colcon_core.package_identification:_identify(cpp_pubsub) by extension 'ignore_ament_install'
[0.285s] Level 1:colcon.colcon_core.package_identification:_identify(cpp_pubsub) by extensions ['colcon_pkg']
[0.285s] Level 1:colcon.colcon_core.package_identification:_identify(cpp_pubsub) by extension 'colcon_pkg'
[0.285s] Level 1:colcon.colcon_core.package_identification:_identify(cpp_pubsub) by extensions ['colcon_meta']
[0.286s] Level 1:colcon.colcon_core.package_identification:_identify(cpp_pubsub) by extension 'colcon_meta'
[0.286s] Level 1:colcon.colcon_core.package_identification:_identify(cpp_pubsub) by extensions ['ros']
[0.286s] Level 1:colcon.colcon_core.package_identification:_identify(cpp_pubsub) by extension 'ros'
[0.289s] DEBUG:colcon.colcon_core.package_identification:Package 'cpp_pubsub' with type 'ros.ament_cmake' and name 'cpp_pubsub'
[0.290s] Level 1:colcon.colcon_core.package_identification:_identify(install) by extensions ['ignore', 'ignore_ament_install']
[0.290s] Level 1:colcon.colcon_core.package_identification:_identify(install) by extension 'ignore'
[0.290s] Level 1:colcon.colcon_core.package_identification:_identify(install) ignored
[0.290s] Level 1:colcon.colcon_core.package_identification:_identify(log) by extensions ['ignore', 'ignore_ament_install']
[0.290s] Level 1:colcon.colcon_core.package_identification:_identify(log) by extension 'ignore'
[0.290s] Level 1:colcon.colcon_core.package_identification:_identify(log) ignored
[0.290s] Level 1:colcon.colcon_core.package_discovery:discover_packages(recursive) using defaults
[0.291s] Level 1:colcon.colcon_core.package_discovery:discover_packages(ignore) discover
[0.291s] Level 1:colcon.colcon_core.package_discovery:discover_packages(ignore) using defaults
[0.291s] Level 1:colcon.colcon_core.package_discovery:discover_packages(path) discover
[0.291s] Level 1:colcon.colcon_core.package_discovery:discover_packages(path) using defaults
[0.325s] Level 5:colcon.colcon_core.verb:set package 'cpp_pubsub' build argument 'cmake_args' from command line to 'None'
[0.325s] Level 5:colcon.colcon_core.verb:set package 'cpp_pubsub' build argument 'cmake_target' from command line to 'None'
[0.325s] Level 5:colcon.colcon_core.verb:set package 'cpp_pubsub' build argument 'cmake_target_skip_unavailable' from command line to 'False'
[0.325s] Level 5:colcon.colcon_core.verb:set package 'cpp_pubsub' build argument 'cmake_clean_cache' from command line to 'False'
[0.326s] Level 5:colcon.colcon_core.verb:set package 'cpp_pubsub' build argument 'cmake_clean_first' from command line to 'False'
[0.326s] Level 5:colcon.colcon_core.verb:set package 'cpp_pubsub' build argument 'cmake_force_configure' from command line to 'False'
[0.326s] Level 5:colcon.colcon_core.verb:set package 'cpp_pubsub' build argument 'ament_cmake_args' from command line to 'None'
[0.326s] Level 5:colcon.colcon_core.verb:set package 'cpp_pubsub' build argument 'catkin_cmake_args' from command line to 'None'
[0.326s] Level 5:colcon.colcon_core.verb:set package 'cpp_pubsub' build argument 'catkin_skip_building_tests' from command line to 'False'
[0.326s] DEBUG:colcon.colcon_core.verb:Building package 'cpp_pubsub' with the following arguments: {'ament_cmake_args': None, 'build_base': '/home/ign/Desktop/ros2_ws/build/cpp_pubsub', 'catkin_cmake_args': None, 'catkin_skip_building_tests': False, 'cmake_args': None, 'cmake_clean_cache': False, 'cmake_clean_first': False, 'cmake_force_configure': False, 'cmake_target': None, 'cmake_target_skip_unavailable': False, 'install_base': '/home/ign/Desktop/ros2_ws/install/cpp_pubsub', 'merge_install': False, 'path': '/home/ign/Desktop/ros2_ws/cpp_pubsub', 'symlink_install': True, 'test_result_base': None}
[0.326s] INFO:colcon.colcon_core.executor:Executing jobs using 'parallel' executor
[0.329s] DEBUG:colcon.colcon_parallel_executor.executor.parallel:run_until_complete
[0.330s] INFO:colcon.colcon_ros.task.ament_cmake.build:Building ROS package in '/home/ign/Desktop/ros2_ws/cpp_pubsub' with build type 'ament_cmake'
[0.330s] INFO:colcon.colcon_cmake.task.cmake.build:Building CMake package in '/home/ign/Desktop/ros2_ws/cpp_pubsub'
[0.336s] INFO:colcon.colcon_core.plugin_system:Skipping extension 'colcon_core.shell.bat': Not used on non-Windows systems
[0.336s] INFO:colcon.colcon_core.shell:Skip shell extension 'powershell' for command environment: Not usable outside of PowerShell
[0.336s] DEBUG:colcon.colcon_core.shell:Skip shell extension 'dsv' for command environment
[0.340s] DEBUG:colcon.colcon_core.shell:Ignoring prefix path '/opt/ros/dashing'
[0.350s] DEBUG:colcon.colcon_core.event_handler.log_command:Invoking command in '/home/ign/Desktop/ros2_ws/build/cpp_pubsub': CMAKE_PREFIX_PATH=/opt/ros/dashing SHLVL=2 _=/usr/bin/env /usr/bin/cmake /home/ign/Desktop/ros2_ws/cpp_pubsub -DAMENT_CMAKE_SYMLINK_INSTALL=1 -DCMAKE_INSTALL_PREFIX=/home/ign/Desktop/ros2_ws/install/cpp_pubsub
[1.333s] DEBUG:colcon.colcon_core.event_handler.log_command:Invoked command in '/home/ign/Desktop/ros2_ws/build/cpp_pubsub' returned '0': CMAKE_PREFIX_PATH=/opt/ros/dashing SHLVL=2 _=/usr/bin/env /usr/bin/cmake /home/ign/Desktop/ros2_ws/cpp_pubsub -DAMENT_CMAKE_SYMLINK_INSTALL=1 -DCMAKE_INSTALL_PREFIX=/home/ign/Desktop/ros2_ws/install/cpp_pubsub
[1.339s] DEBUG:colcon.colcon_core.event_handler.log_command:Invoking command in '/home/ign/Desktop/ros2_ws/build/cpp_pubsub': CMAKE_PREFIX_PATH=/opt/ros/dashing SHLVL=2 _=/usr/bin/env /usr/bin/cmake --build /home/ign/Desktop/ros2_ws/build/cpp_pubsub -- -j4 -l4
[4.651s] DEBUG:colcon.colcon_core.event_handler.log_command:Invoked command in '/home/ign/Desktop/ros2_ws/build/cpp_pubsub' returned '0': CMAKE_PREFIX_PATH=/opt/ros/dashing SHLVL=2 _=/usr/bin/env /usr/bin/cmake --build /home/ign/Desktop/ros2_ws/build/cpp_pubsub -- -j4 -l4
[4.711s] DEBUG:colcon.colcon_core.event_handler.log_command:Invoking command in '/home/ign/Desktop/ros2_ws/build/cpp_pubsub': CMAKE_PREFIX_PATH=/opt/ros/dashing SHLVL=2 _=/usr/bin/env /usr/bin/cmake --build /home/ign/Desktop/ros2_ws/build/cpp_pubsub --target install -- -j4 -l4
[5.007s] Level 1:colcon.colcon_core.environment:create_environment_scripts_only(cpp_pubsub)
[5.008s] DEBUG:colcon.colcon_core.event_handler.log_command:Invoked command in '/home/ign/Desktop/ros2_ws/build/cpp_pubsub' returned '0': CMAKE_PREFIX_PATH=/opt/ros/dashing SHLVL=2 _=/usr/bin/env /usr/bin/cmake --build /home/ign/Desktop/ros2_ws/build/cpp_pubsub --target install -- -j4 -l4
[5.012s] Level 1:colcon.colcon_core.environment:checking '/home/ign/Desktop/ros2_ws/install/cpp_pubsub' for CMake module files
[5.013s] Level 1:colcon.colcon_core.environment:checking '/home/ign/Desktop/ros2_ws/install/cpp_pubsub' for CMake config files
[5.013s] Level 1:colcon.colcon_core.shell:create_environment_hook('cpp_pubsub', 'cmake_prefix_path')
[5.014s] INFO:colcon.colcon_core.shell:Creating environment hook '/home/ign/Desktop/ros2_ws/install/cpp_pubsub/share/cpp_pubsub/hook/cmake_prefix_path.ps1'
[5.015s] INFO:colcon.colcon_core.shell:Creating environment descriptor '/home/ign/Desktop/ros2_ws/install/cpp_pubsub/share/cpp_pubsub/hook/cmake_prefix_path.dsv'
[5.016s] INFO:colcon.colcon_core.shell:Creating environment hook '/home/ign/Desktop/ros2_ws/install/cpp_pubsub/share/cpp_pubsub/hook/cmake_prefix_path.sh'
[5.018s] Level 1:colcon.colcon_core.environment:checking '/home/ign/Desktop/ros2_ws/install/cpp_pubsub/lib'
[5.018s] Level 1:colcon.colcon_core.environment:checking '/home/ign/Desktop/ros2_ws/install/cpp_pubsub/bin'
[5.018s] Level 1:colcon.colcon_core.environment:checking '/home/ign/Desktop/ros2_ws/install/cpp_pubsub/lib/pkgconfig/cpp_pubsub.pc'
[5.018s] Level 1:colcon.colcon_core.environment:checking '/home/ign/Desktop/ros2_ws/install/cpp_pubsub/lib/python3.6/site-packages'
[5.021s] INFO:colcon.colcon_core.shell:Creating package script '/home/ign/Desktop/ros2_ws/install/cpp_pubsub/share/cpp_pubsub/package.ps1'
[5.022s] INFO:colcon.colcon_core.shell:Creating package descriptor '/home/ign/Desktop/ros2_ws/install/cpp_pubsub/share/cpp_pubsub/package.dsv'
[5.023s] INFO:colcon.colcon_core.shell:Creating package script '/home/ign/Desktop/ros2_ws/install/cpp_pubsub/share/cpp_pubsub/package.sh'
[5.024s] INFO:colcon.colcon_core.shell:Creating package script '/home/ign/Desktop/ros2_ws/install/cpp_pubsub/share/cpp_pubsub/package.bash'
[5.025s] INFO:colcon.colcon_core.shell:Creating package script '/home/ign/Desktop/ros2_ws/install/cpp_pubsub/share/cpp_pubsub/package.zsh'
[5.026s] Level 1:colcon.colcon_core.environment:create_file_with_runtime_dependencies(/home/ign/Desktop/ros2_ws/install/cpp_pubsub/share/colcon-core/packages/cpp_pubsub)
[5.072s] Level 1:colcon.colcon_core.environment:create_environment_scripts_only(cpp_pubsub)
[5.074s] Level 1:colcon.colcon_core.environment:checking '/home/ign/Desktop/ros2_ws/install/cpp_pubsub' for CMake module files
[5.075s] Level 1:colcon.colcon_core.environment:checking '/home/ign/Desktop/ros2_ws/install/cpp_pubsub' for CMake config files
[5.075s] Level 1:colcon.colcon_core.shell:create_environment_hook('cpp_pubsub', 'cmake_prefix_path')
[5.076s] INFO:colcon.colcon_core.shell:Creating environment hook '/home/ign/Desktop/ros2_ws/install/cpp_pubsub/share/cpp_pubsub/hook/cmake_prefix_path.ps1'
[5.077s] INFO:colcon.colcon_core.shell:Creating environment descriptor '/home/ign/Desktop/ros2_ws/install/cpp_pubsub/share/cpp_pubsub/hook/cmake_prefix_path.dsv'
[5.077s] INFO:colcon.colcon_core.shell:Creating environment hook '/home/ign/Desktop/ros2_ws/install/cpp_pubsub/share/cpp_pubsub/hook/cmake_prefix_path.sh'
[5.078s] Level 1:colcon.colcon_core.environment:checking '/home/ign/Desktop/ros2_ws/install/cpp_pubsub/lib'
[5.079s] Level 1:colcon.colcon_core.environment:checking '/home/ign/Desktop/ros2_ws/install/cpp_pubsub/bin'
[5.079s] Level 1:colcon.colcon_core.environment:checking '/home/ign/Desktop/ros2_ws/install/cpp_pubsub/lib/pkgconfig/cpp_pubsub.pc'
[5.079s] Level 1:colcon.colcon_core.environment:checking '/home/ign/Desktop/ros2_ws/install/cpp_pubsub/lib/python3.6/site-packages'
[5.080s] INFO:colcon.colcon_core.shell:Creating package script '/home/ign/Desktop/ros2_ws/install/cpp_pubsub/share/cpp_pubsub/package.ps1'
[5.080s] INFO:colcon.colcon_core.shell:Creating package descriptor '/home/ign/Desktop/ros2_ws/install/cpp_pubsub/share/cpp_pubsub/package.dsv'
[5.081s] INFO:colcon.colcon_core.shell:Creating package script '/home/ign/Desktop/ros2_ws/install/cpp_pubsub/share/cpp_pubsub/package.sh'
[5.082s] INFO:colcon.colcon_core.shell:Creating package script '/home/ign/Desktop/ros2_ws/install/cpp_pubsub/share/cpp_pubsub/package.bash'
[5.082s] INFO:colcon.colcon_core.shell:Creating package script '/home/ign/Desktop/ros2_ws/install/cpp_pubsub/share/cpp_pubsub/package.zsh'
[5.083s] Level 1:colcon.colcon_core.environment:create_file_with_runtime_dependencies(/home/ign/Desktop/ros2_ws/install/cpp_pubsub/share/colcon-core/packages/cpp_pubsub)
[5.083s] DEBUG:colcon.colcon_parallel_executor.executor.parallel:closing loop
[5.084s] DEBUG:colcon.colcon_parallel_executor.executor.parallel:loop closed
[5.085s] DEBUG:colcon.colcon_parallel_executor.executor.parallel:run_until_complete finished with '0'
[5.085s] DEBUG:colcon.colcon_core.event_reactor:joining thread
[5.108s] INFO:colcon.colcon_core.plugin_system:Skipping extension 'colcon_notification.desktop_notification.terminal_notifier': Not used on non-Darwin systems
[5.108s] INFO:colcon.colcon_core.plugin_system:Skipping extension 'colcon_notification.desktop_notification.win32': Not used on non-Windows systems
[5.108s] INFO:colcon.colcon_notification.desktop_notification:Sending desktop notification using 'notify2'
[5.112s] DEBUG:colcon.colcon_core.event_reactor:joined thread
[5.113s] INFO:colcon.colcon_core.shell:Creating prefix script '/home/ign/Desktop/ros2_ws/install/local_setup.ps1'
[5.114s] INFO:colcon.colcon_core.shell:Creating prefix util module '/home/ign/Desktop/ros2_ws/install/_local_setup_util_ps1.py'
[5.117s] INFO:colcon.colcon_core.shell:Creating prefix chain script '/home/ign/Desktop/ros2_ws/install/setup.ps1'
[5.120s] INFO:colcon.colcon_core.shell:Creating prefix script '/home/ign/Desktop/ros2_ws/install/local_setup.sh'
[5.121s] INFO:colcon.colcon_core.shell:Creating prefix util module '/home/ign/Desktop/ros2_ws/install/_local_setup_util_sh.py'
[5.122s] INFO:colcon.colcon_core.shell:Creating prefix chain script '/home/ign/Desktop/ros2_ws/install/setup.sh'
[5.126s] INFO:colcon.colcon_core.shell:Creating prefix script '/home/ign/Desktop/ros2_ws/install/local_setup.bash'
[5.127s] INFO:colcon.colcon_core.shell:Creating prefix chain script '/home/ign/Desktop/ros2_ws/install/setup.bash'
[5.130s] INFO:colcon.colcon_core.shell:Creating prefix script '/home/ign/Desktop/ros2_ws/install/local_setup.zsh'
[5.131s] INFO:colcon.colcon_core.shell:Creating prefix chain script '/home/ign/Desktop/ros2_ws/install/setup.zsh'
