Determining if the pthread_create exist failed with the following output:
Change Dir: /home/ign/Desktop/ros2_ws/build/cpp_pubsub/CMakeFiles/CMakeTmp

Run Build Command:"/usr/bin/make" "cmTC_39c48/fast"
/usr/bin/make -f CMakeFiles/cmTC_39c48.dir/build.make CMakeFiles/cmTC_39c48.dir/build
make[1]: Entering directory '/home/ign/Desktop/ros2_ws/build/cpp_pubsub/CMakeFiles/CMakeTmp'
Building C object CMakeFiles/cmTC_39c48.dir/CheckSymbolExists.c.o
/usr/bin/cc    -o CMakeFiles/cmTC_39c48.dir/CheckSymbolExists.c.o   -c /home/ign/Desktop/ros2_ws/build/cpp_pubsub/CMakeFiles/CMakeTmp/CheckSymbolExists.c
Linking C executable cmTC_39c48
/usr/bin/cmake -E cmake_link_script CMakeFiles/cmTC_39c48.dir/link.txt --verbose=1
/usr/bin/cc      CMakeFiles/cmTC_39c48.dir/CheckSymbolExists.c.o  -o cmTC_39c48 
CMakeFiles/cmTC_39c48.dir/CheckSymbolExists.c.o: In function `main':
CheckSymbolExists.c:(.text+0x1b): undefined reference to `pthread_create'
collect2: error: ld returned 1 exit status
CMakeFiles/cmTC_39c48.dir/build.make:97: recipe for target 'cmTC_39c48' failed
make[1]: *** [cmTC_39c48] Error 1
make[1]: Leaving directory '/home/ign/Desktop/ros2_ws/build/cpp_pubsub/CMakeFiles/CMakeTmp'
Makefile:126: recipe for target 'cmTC_39c48/fast' failed
make: *** [cmTC_39c48/fast] Error 2

File /home/ign/Desktop/ros2_ws/build/cpp_pubsub/CMakeFiles/CMakeTmp/CheckSymbolExists.c:
/* */
#include <pthread.h>

int main(int argc, char** argv)
{
  (void)argv;
#ifndef pthread_create
  return ((int*)(&pthread_create))[argc];
#else
  (void)argc;
  return 0;
#endif
}

Determining if the function pthread_create exists in the pthreads failed with the following output:
Change Dir: /home/ign/Desktop/ros2_ws/build/cpp_pubsub/CMakeFiles/CMakeTmp

Run Build Command:"/usr/bin/make" "cmTC_c3d30/fast"
/usr/bin/make -f CMakeFiles/cmTC_c3d30.dir/build.make CMakeFiles/cmTC_c3d30.dir/build
make[1]: Entering directory '/home/ign/Desktop/ros2_ws/build/cpp_pubsub/CMakeFiles/CMakeTmp'
Building C object CMakeFiles/cmTC_c3d30.dir/CheckFunctionExists.c.o
/usr/bin/cc   -DCHECK_FUNCTION_EXISTS=pthread_create   -o CMakeFiles/cmTC_c3d30.dir/CheckFunctionExists.c.o   -c /usr/share/cmake-3.10/Modules/CheckFunctionExists.c
Linking C executable cmTC_c3d30
/usr/bin/cmake -E cmake_link_script CMakeFiles/cmTC_c3d30.dir/link.txt --verbose=1
/usr/bin/cc  -DCHECK_FUNCTION_EXISTS=pthread_create    CMakeFiles/cmTC_c3d30.dir/CheckFunctionExists.c.o  -o cmTC_c3d30 -lpthreads 
/usr/bin/ld: cannot find -lpthreads
collect2: error: ld returned 1 exit status
CMakeFiles/cmTC_c3d30.dir/build.make:97: recipe for target 'cmTC_c3d30' failed
make[1]: *** [cmTC_c3d30] Error 1
make[1]: Leaving directory '/home/ign/Desktop/ros2_ws/build/cpp_pubsub/CMakeFiles/CMakeTmp'
Makefile:126: recipe for target 'cmTC_c3d30/fast' failed
make: *** [cmTC_c3d30/fast] Error 2


