[0.390s] Invoking command in '/home/ign/Desktop/ros2_ws/src/py_pubsub': PYTHONPATH=/home/ign/Desktop/ros2_ws/install/py_pubsub/lib/python3.6/site-packages:${PYTHONPATH} SHLVL=2 _=/usr/bin/env /usr/bin/python3 setup.py egg_info --egg-base ../../build/py_pubsub build --build-base /home/ign/Desktop/ros2_ws/build/py_pubsub/build install --prefix /home/ign/Desktop/ros2_ws/install/py_pubsub --record /home/ign/Desktop/ros2_ws/build/py_pubsub/install.log --single-version-externally-managed
[0.730s] running egg_info
[0.731s] creating ../../build/py_pubsub/py_pubsub.egg-info
[0.731s] writing ../../build/py_pubsub/py_pubsub.egg-info/PKG-INFO
[0.732s] writing dependency_links to ../../build/py_pubsub/py_pubsub.egg-info/dependency_links.txt
[0.732s] writing entry points to ../../build/py_pubsub/py_pubsub.egg-info/entry_points.txt
[0.732s] writing requirements to ../../build/py_pubsub/py_pubsub.egg-info/requires.txt
[0.732s] writing top-level names to ../../build/py_pubsub/py_pubsub.egg-info/top_level.txt
[0.732s] writing manifest file '../../build/py_pubsub/py_pubsub.egg-info/SOURCES.txt'
[0.776s] reading manifest file '../../build/py_pubsub/py_pubsub.egg-info/SOURCES.txt'
[0.778s] writing manifest file '../../build/py_pubsub/py_pubsub.egg-info/SOURCES.txt'
[0.778s] running build
[0.778s] running build_py
[0.778s] creating /home/ign/Desktop/ros2_ws/build/py_pubsub/build
[0.779s] creating /home/ign/Desktop/ros2_ws/build/py_pubsub/build/lib
[0.779s] creating /home/ign/Desktop/ros2_ws/build/py_pubsub/build/lib/py_pubsub
[0.779s] copying py_pubsub/subscriber_member_function.py -> /home/ign/Desktop/ros2_ws/build/py_pubsub/build/lib/py_pubsub
[0.779s] copying py_pubsub/__init__.py -> /home/ign/Desktop/ros2_ws/build/py_pubsub/build/lib/py_pubsub
[0.779s] copying py_pubsub/publisher_member_function.py -> /home/ign/Desktop/ros2_ws/build/py_pubsub/build/lib/py_pubsub
[0.779s] running install
[0.779s] running install_lib
[0.780s] creating /home/ign/Desktop/ros2_ws/install/py_pubsub/lib/python3.6/site-packages/py_pubsub
[0.781s] copying /home/ign/Desktop/ros2_ws/build/py_pubsub/build/lib/py_pubsub/subscriber_member_function.py -> /home/ign/Desktop/ros2_ws/install/py_pubsub/lib/python3.6/site-packages/py_pubsub
[0.781s] copying /home/ign/Desktop/ros2_ws/build/py_pubsub/build/lib/py_pubsub/__init__.py -> /home/ign/Desktop/ros2_ws/install/py_pubsub/lib/python3.6/site-packages/py_pubsub
[0.781s] copying /home/ign/Desktop/ros2_ws/build/py_pubsub/build/lib/py_pubsub/publisher_member_function.py -> /home/ign/Desktop/ros2_ws/install/py_pubsub/lib/python3.6/site-packages/py_pubsub
[0.781s] byte-compiling /home/ign/Desktop/ros2_ws/install/py_pubsub/lib/python3.6/site-packages/py_pubsub/subscriber_member_function.py to subscriber_member_function.cpython-36.pyc
[0.782s] byte-compiling /home/ign/Desktop/ros2_ws/install/py_pubsub/lib/python3.6/site-packages/py_pubsub/__init__.py to __init__.cpython-36.pyc
[0.782s] byte-compiling /home/ign/Desktop/ros2_ws/install/py_pubsub/lib/python3.6/site-packages/py_pubsub/publisher_member_function.py to publisher_member_function.cpython-36.pyc
[0.783s] running install_data
[0.784s] creating /home/ign/Desktop/ros2_ws/install/py_pubsub/share/ament_index
[0.784s] creating /home/ign/Desktop/ros2_ws/install/py_pubsub/share/ament_index/resource_index
[0.784s] creating /home/ign/Desktop/ros2_ws/install/py_pubsub/share/ament_index/resource_index/packages
[0.784s] copying resource/py_pubsub -> /home/ign/Desktop/ros2_ws/install/py_pubsub/share/ament_index/resource_index/packages
[0.785s] copying package.xml -> /home/ign/Desktop/ros2_ws/install/py_pubsub/share/py_pubsub
[0.785s] running install_egg_info
[0.787s] Copying ../../build/py_pubsub/py_pubsub.egg-info to /home/ign/Desktop/ros2_ws/install/py_pubsub/lib/python3.6/site-packages/py_pubsub-0.0.0-py3.6.egg-info
[0.788s] running install_scripts
[0.837s] Installing listener script to /home/ign/Desktop/ros2_ws/install/py_pubsub/lib/py_pubsub
[0.838s] Installing talker script to /home/ign/Desktop/ros2_ws/install/py_pubsub/lib/py_pubsub
[0.838s] writing list of installed files to '/home/ign/Desktop/ros2_ws/build/py_pubsub/install.log'
[0.866s] Invoked command in '/home/ign/Desktop/ros2_ws/src/py_pubsub' returned '0': PYTHONPATH=/home/ign/Desktop/ros2_ws/install/py_pubsub/lib/python3.6/site-packages:${PYTHONPATH} SHLVL=2 _=/usr/bin/env /usr/bin/python3 setup.py egg_info --egg-base ../../build/py_pubsub build --build-base /home/ign/Desktop/ros2_ws/build/py_pubsub/build install --prefix /home/ign/Desktop/ros2_ws/install/py_pubsub --record /home/ign/Desktop/ros2_ws/build/py_pubsub/install.log --single-version-externally-managed
